Log file open, 11/30/16 18:53:11
LogInit:Display: Running engine for game: UdbPD
LogPlatformFile: Not using cached read wrapper
LogInit:Display: RandInit(1473200506) SRandInit(1473200506).
LogTaskGraph: Started task graph with 5 named threads and 8 total threads with 1 sets of task threads.
LogStats: Stats thread started at 0.091491
LogPluginManager: Loaded Plugin Paper2D, From C:/Program Files (x86)/Epic Games/4.14/Engine/Plugins/2D/Paper2D/Paper2D.uplugin
LogPluginManager: Loaded Plugin LightPropagationVolume, From C:/Program Files (x86)/Epic Games/4.14/Engine/Plugins/Blendables/LightPropagationVolume/LightPropagationVolume.uplugin
LogPluginManager: Loaded Plugin BlankPlugin, From C:/Program Files (x86)/Epic Games/4.14/Engine/Plugins/Developer/BlankPlugin/BlankPlugin.uplugin
LogPluginManager: Loaded Plugin CodeLiteSourceCodeAccess, From C:/Program Files (x86)/Epic Games/4.14/Engine/Plugins/Developer/CodeLiteSourceCodeAccess/CodeLiteSourceCodeAccess.uplugin
LogPluginManager: Loaded Plugin GitSourceControl, From C:/Program Files (x86)/Epic Games/4.14/Engine/Plugins/Developer/GitSourceControl/GitSourceControl.uplugin
LogPluginManager: Loaded Plugin KDevelopSourceCodeAccess, From C:/Program Files (x86)/Epic Games/4.14/Engine/Plugins/Developer/KDevelopSourceCodeAccess/KDevelopSourceCodeAccess.uplugin
LogPluginManager: Loaded Plugin NullSourceCodeAccess, From C:/Program Files (x86)/Epic Games/4.14/Engine/Plugins/Developer/NullSourceCodeAccess/NullSourceCodeAccess.uplugin
LogPluginManager: Loaded Plugin OneSkyLocalizationService, From C:/Program Files (x86)/Epic Games/4.14/Engine/Plugins/Developer/OneSkyLocalizationService/OneSkyLocalizationService.uplugin
LogPluginManager: Loaded Plugin PerforceSourceControl, From C:/Program Files (x86)/Epic Games/4.14/Engine/Plugins/Developer/PerforceSourceControl/PerforceSourceControl.uplugin
LogPluginManager: Loaded Plugin SubversionSourceControl, From C:/Program Files (x86)/Epic Games/4.14/Engine/Plugins/Developer/SubversionSourceControl/SubversionSourceControl.uplugin
LogPluginManager: Loaded Plugin UObjectPlugin, From C:/Program Files (x86)/Epic Games/4.14/Engine/Plugins/Developer/UObjectPlugin/UObjectPlugin.uplugin
LogPluginManager: Loaded Plugin VisualStudioSourceCodeAccess, From C:/Program Files (x86)/Epic Games/4.14/Engine/Plugins/Developer/VisualStudioSourceCodeAccess/VisualStudioSourceCodeAccess.uplugin
LogPluginManager: Loaded Plugin XCodeSourceCodeAccess, From C:/Program Files (x86)/Epic Games/4.14/Engine/Plugins/Developer/XCodeSourceCodeAccess/XCodeSourceCodeAccess.uplugin
LogPluginManager: Loaded Plugin AudioCapture, From C:/Program Files (x86)/Epic Games/4.14/Engine/Plugins/Editor/AudioCapture/AudioCapture.uplugin
LogPluginManager: Loaded Plugin EpicSurvey, From C:/Program Files (x86)/Epic Games/4.14/Engine/Plugins/Editor/EpicSurvey/EpicSurvey.uplugin
LogPluginManager: Loaded Plugin MacGraphicsSwitching, From C:/Program Files (x86)/Epic Games/4.14/Engine/Plugins/Editor/MacGraphicsSwitching/MacGraphicsSwitching.uplugin
LogPluginManager: Loaded Plugin MobileLauncherProfileWizard, From C:/Program Files (x86)/Epic Games/4.14/Engine/Plugins/Editor/MobileLauncherProfileWizard/MobileLauncherProfileWizard.uplugin
LogPluginManager: Loaded Plugin PluginBrowser, From C:/Program Files (x86)/Epic Games/4.14/Engine/Plugins/Editor/PluginBrowser/PluginBrowser.uplugin
LogPluginManager: Loaded Plugin SpeedTreeImporter, From C:/Program Files (x86)/Epic Games/4.14/Engine/Plugins/Editor/SpeedTreeImporter/SpeedTreeImporter.uplugin
LogPluginManager: Loaded Plugin SuperSearchEditor, From C:/Program Files (x86)/Epic Games/4.14/Engine/Plugins/Editor/SuperSearchEditor/SuperSearchEditor.uplugin
LogPluginManager: Loaded Plugin AlembicImporter, From C:/Program Files (x86)/Epic Games/4.14/Engine/Plugins/Experimental/AlembicImporter/AlembicImporter.uplugin
LogPluginManager: Loaded Plugin BlueprintStats, From C:/Program Files (x86)/Epic Games/4.14/Engine/Plugins/Experimental/BlueprintStats/BlueprintStats.uplugin
LogPluginManager: Loaded Plugin CharacterAI, From C:/Program Files (x86)/Epic Games/4.14/Engine/Plugins/Experimental/CharacterAI/CharacterAI.uplugin
LogPluginManager: Loaded Plugin CodeEditor, From C:/Program Files (x86)/Epic Games/4.14/Engine/Plugins/Experimental/CodeEditor/CodeEditor.uplugin
LogPluginManager: Loaded Plugin CodeView, From C:/Program Files (x86)/Epic Games/4.14/Engine/Plugins/Experimental/CodeView/CodeView.uplugin
LogPluginManager: Loaded Plugin HTML5Networking, From C:/Program Files (x86)/Epic Games/4.14/Engine/Plugins/Experimental/HTML5Networking/HTML5Networking.uplugin
LogPluginManager: Loaded Plugin OSVR, From C:/Program Files (x86)/Epic Games/4.14/Engine/Plugins/Experimental/OSVR/OSVR.uplugin
LogPluginManager: Loaded Plugin Phya, From C:/Program Files (x86)/Epic Games/4.14/Engine/Plugins/Experimental/Phya/Phya.uplugin
LogPluginManager: Loaded Plugin SignificanceManager, From C:/Program Files (x86)/Epic Games/4.14/Engine/Plugins/Experimental/SignificanceManager/SignificanceManager.uplugin
LogPluginManager: Loaded Plugin SimpleHMD, From C:/Program Files (x86)/Epic Games/4.14/Engine/Plugins/Experimental/SimpleHMD/SimpleHMD.uplugin
LogPluginManager: Loaded Plugin StereoPanorama, From C:/Program Files (x86)/Epic Games/4.14/Engine/Plugins/Experimental/StereoPanorama/StereoPanorama.uplugin
LogPluginManager: Loaded Plugin StructBox, From C:/Program Files (x86)/Epic Games/4.14/Engine/Plugins/Experimental/StructBox/StructBox.uplugin
LogPluginManager: Loaded Plugin AndroidMedia, From C:/Program Files (x86)/Epic Games/4.14/Engine/Plugins/Media/AndroidMedia/AndroidMedia.uplugin
LogPluginManager: Loaded Plugin AvfMedia, From C:/Program Files (x86)/Epic Games/4.14/Engine/Plugins/Media/AvfMedia/AvfMedia.uplugin
LogPluginManager: Loaded Plugin MediaPlayerEditor, From C:/Program Files (x86)/Epic Games/4.14/Engine/Plugins/Media/MediaPlayerEditor/MediaPlayerEditor.uplugin
LogPluginManager: Loaded Plugin WmfMedia, From C:/Program Files (x86)/Epic Games/4.14/Engine/Plugins/Media/WmfMedia/WmfMedia.uplugin
LogPluginManager: Loaded Plugin MessagingDebugger, From C:/Program Files (x86)/Epic Games/4.14/Engine/Plugins/Messaging/MessagingDebugger/MessagingDebugger.uplugin
LogPluginManager: Loaded Plugin TcpMessaging, From C:/Program Files (x86)/Epic Games/4.14/Engine/Plugins/Messaging/TcpMessaging/TcpMessaging.uplugin
LogPluginManager: Loaded Plugin UdpMessaging, From C:/Program Files (x86)/Epic Games/4.14/Engine/Plugins/Messaging/UdpMessaging/UdpMessaging.uplugin
LogPluginManager: Loaded Plugin LevelSequenceEditor, From C:/Program Files (x86)/Epic Games/4.14/Engine/Plugins/MovieScene/LevelSequenceEditor/LevelSequenceEditor.uplugin
LogPluginManager: Loaded Plugin MatineeToLevelSequence, From C:/Program Files (x86)/Epic Games/4.14/Engine/Plugins/MovieScene/MatineeToLevelSequence/MatineeToLevelSequence.uplugin
LogPluginManager: Loaded Plugin NetcodeUnitTest, From C:/Program Files (x86)/Epic Games/4.14/Engine/Plugins/NetcodeUnitTest/NetcodeUnitTest/NetcodeUnitTest.uplugin
LogPluginManager: Loaded Plugin NUTUnrealEngine4, From C:/Program Files (x86)/Epic Games/4.14/Engine/Plugins/NetcodeUnitTest/NUTUnrealEngine4/NUTUnrealEngine4.uplugin
LogPluginManager: Loaded Plugin OnlineSubsystemGameCircle, From C:/Program Files (x86)/Epic Games/4.14/Engine/Plugins/Online/Android/OnlineSubsystemGameCircle/OnlineSubsystemGameCircle.uplugin
LogPluginManager: Loaded Plugin OnlineSubsystemGooglePlay, From C:/Program Files (x86)/Epic Games/4.14/Engine/Plugins/Online/Android/OnlineSubsystemGooglePlay/OnlineSubsystemGooglePlay.uplugin
LogPluginManager: Loaded Plugin OnlineSubsystemIOS, From C:/Program Files (x86)/Epic Games/4.14/Engine/Plugins/Online/IOS/OnlineSubsystemIOS/OnlineSubsystemIOS.uplugin
LogPluginManager: Loaded Plugin OnlineFramework, From C:/Program Files (x86)/Epic Games/4.14/Engine/Plugins/Online/OnlineFramework/OnlineFramework.uplugin
LogPluginManager: Loaded Plugin OnlineSubsystem, From C:/Program Files (x86)/Epic Games/4.14/Engine/Plugins/Online/OnlineSubsystem/OnlineSubsystem.uplugin
LogPluginManager: Loaded Plugin OnlineSubsystemAmazon, From C:/Program Files (x86)/Epic Games/4.14/Engine/Plugins/Online/OnlineSubsystemAmazon/OnlineSubsystemAmazon.uplugin
LogPluginManager: Loaded Plugin OnlineSubsystemFacebook, From C:/Program Files (x86)/Epic Games/4.14/Engine/Plugins/Online/OnlineSubsystemFacebook/OnlineSubsystemFacebook.uplugin
LogPluginManager: Loaded Plugin OnlineSubsystemNull, From C:/Program Files (x86)/Epic Games/4.14/Engine/Plugins/Online/OnlineSubsystemNull/OnlineSubsystemNull.uplugin
LogPluginManager: Loaded Plugin OnlineSubsystemOculus, From C:/Program Files (x86)/Epic Games/4.14/Engine/Plugins/Online/OnlineSubsystemOculus/OnlineSubsystemOculus.uplugin
LogPluginManager: Loaded Plugin OnlineSubsystemSteam, From C:/Program Files (x86)/Epic Games/4.14/Engine/Plugins/Online/OnlineSubsystemSteam/OnlineSubsystemSteam.uplugin
LogPluginManager: Loaded Plugin OnlineSubsystemUtils, From C:/Program Files (x86)/Epic Games/4.14/Engine/Plugins/Online/OnlineSubsystemUtils/OnlineSubsystemUtils.uplugin
LogPluginManager: Loaded Plugin IOSTapJoy, From C:/Program Files (x86)/Epic Games/4.14/Engine/Plugins/Runtime/Advertising/IOSTapJoy/IOSTapJoy.uplugin
LogPluginManager: Loaded Plugin AnalyticsBlueprintLibrary, From C:/Program Files (x86)/Epic Games/4.14/Engine/Plugins/Runtime/Analytics/AnalyticsBlueprintLibrary/AnalyticsBlueprintLibrary.uplugin
LogPluginManager: Loaded Plugin AnalyticsMulticast, From C:/Program Files (x86)/Epic Games/4.14/Engine/Plugins/Runtime/Analytics/AnalyticsMulticast/AnalyticsMulticast.uplugin
LogPluginManager: Loaded Plugin Apsalar, From C:/Program Files (x86)/Epic Games/4.14/Engine/Plugins/Runtime/Analytics/Apsalar/Apsalar.uplugin
LogPluginManager: Loaded Plugin FileLogging, From C:/Program Files (x86)/Epic Games/4.14/Engine/Plugins/Runtime/Analytics/FileLogging/FileLogging.uplugin
LogPluginManager: Loaded Plugin Flurry, From C:/Program Files (x86)/Epic Games/4.14/Engine/Plugins/Runtime/Analytics/Flurry/Flurry.uplugin
LogPluginManager: Loaded Plugin AndroidDeviceProfileSelector, From C:/Program Files (x86)/Epic Games/4.14/Engine/Plugins/Runtime/AndroidDeviceProfileSelector/AndroidDeviceProfileSelector.uplugin
LogPluginManager: Loaded Plugin AndroidMoviePlayer, From C:/Program Files (x86)/Epic Games/4.14/Engine/Plugins/Runtime/AndroidMoviePlayer/AndroidMoviePlayer.uplugin
LogPluginManager: Loaded Plugin AppleMoviePlayer, From C:/Program Files (x86)/Epic Games/4.14/Engine/Plugins/Runtime/AppleMoviePlayer/AppleMoviePlayer.uplugin
LogPluginManager: Loaded Plugin ArchVisCharacter, From C:/Program Files (x86)/Epic Games/4.14/Engine/Plugins/Runtime/ArchVisCharacter/ArchVisCharacter.uplugin
LogPluginManager: Loaded Plugin CableComponent, From C:/Program Files (x86)/Epic Games/4.14/Engine/Plugins/Runtime/CableComponent/CableComponent.uplugin
LogPluginManager: Loaded Plugin CustomMeshComponent, From C:/Program Files (x86)/Epic Games/4.14/Engine/Plugins/Runtime/CustomMeshComponent/CustomMeshComponent.uplugin
LogPluginManager: Loaded Plugin ExampleDeviceProfileSelector, From C:/Program Files (x86)/Epic Games/4.14/Engine/Plugins/Runtime/ExampleDeviceProfileSelector/ExampleDeviceProfileSelector.uplugin
LogPluginManager: Loaded Plugin GearVR, From C:/Program Files (x86)/Epic Games/4.14/Engine/Plugins/Runtime/GearVR/GearVR.uplugin
LogPluginManager: Loaded Plugin GoogleVRController, From C:/Program Files (x86)/Epic Games/4.14/Engine/Plugins/Runtime/GoogleVR/GoogleVRController/GoogleVRController.uplugin
LogPluginManager: Loaded Plugin GoogleVRHMD, From C:/Program Files (x86)/Epic Games/4.14/Engine/Plugins/Runtime/GoogleVR/GoogleVRHMD/GoogleVRHMD.uplugin
LogPluginManager: Loaded Plugin IOSDeviceProfileSelector, From C:/Program Files (x86)/Epic Games/4.14/Engine/Plugins/Runtime/IOSDeviceProfileSelector/IOSDeviceProfileSelector.uplugin
LogPluginManager: Loaded Plugin LeapMotion, From C:/Program Files (x86)/Epic Games/4.14/Engine/Plugins/Runtime/LeapMotion/LeapMotion.uplugin
LogPluginManager: Loaded Plugin LinuxDeviceProfileSelector, From C:/Program Files (x86)/Epic Games/4.14/Engine/Plugins/Runtime/LinuxDeviceProfileSelector/LinuxDeviceProfileSelector.uplugin
LogPluginManager: Loaded Plugin MIDIDevice, From C:/Program Files (x86)/Epic Games/4.14/Engine/Plugins/Runtime/MIDIDevice/MIDIDevice.uplugin
LogPluginManager: Loaded Plugin MobilePatchingUtils, From C:/Program Files (x86)/Epic Games/4.14/Engine/Plugins/Runtime/MobilePatchingUtils/MobilePatchingUtils.uplugin
LogPluginManager: Loaded Plugin Ansel, From C:/Program Files (x86)/Epic Games/4.14/Engine/Plugins/Runtime/Nvidia/Ansel/Ansel.uplugin
LogPluginManager: Loaded Plugin OculusAudio, From C:/Program Files (x86)/Epic Games/4.14/Engine/Plugins/Runtime/OculusAudio/OculusAudio.uplugin
LogPluginManager: Loaded Plugin OculusInput, From C:/Program Files (x86)/Epic Games/4.14/Engine/Plugins/Runtime/OculusInput/OculusInput.uplugin
LogPluginManager: Loaded Plugin OculusLibrary, From C:/Program Files (x86)/Epic Games/4.14/Engine/Plugins/Runtime/OculusLibrary/OculusLibrary.uplugin
LogPluginManager: Loaded Plugin OculusRift, From C:/Program Files (x86)/Epic Games/4.14/Engine/Plugins/Runtime/OculusRift/OculusRift.uplugin
LogPluginManager: Loaded Plugin Oodle, From C:/Program Files (x86)/Epic Games/4.14/Engine/Plugins/Runtime/PacketHandlers/CompressionComponents/Oodle/Oodle.uplugin
LogPluginManager: Loaded Plugin ProceduralMeshComponent, From C:/Program Files (x86)/Epic Games/4.14/Engine/Plugins/Runtime/ProceduralMeshComponent/ProceduralMeshComponent.uplugin
LogPluginManager: Loaded Plugin SoundMod, From C:/Program Files (x86)/Epic Games/4.14/Engine/Plugins/Runtime/SoundMod/SoundMod.uplugin
LogPluginManager: Loaded Plugin SoundVisualizations, From C:/Program Files (x86)/Epic Games/4.14/Engine/Plugins/Runtime/SoundVisualizations/SoundVisualizations.uplugin
LogPluginManager: Loaded Plugin SteamController, From C:/Program Files (x86)/Epic Games/4.14/Engine/Plugins/Runtime/Steam/SteamController/SteamController.uplugin
LogPluginManager: Loaded Plugin SteamVR, From C:/Program Files (x86)/Epic Games/4.14/Engine/Plugins/Runtime/Steam/SteamVR/SteamVR.uplugin
LogPluginManager: Loaded Plugin WebBrowserWidget, From C:/Program Files (x86)/Epic Games/4.14/Engine/Plugins/Runtime/WebBrowserWidget/WebBrowserWidget.uplugin
LogPluginManager: Loaded Plugin WindowsDeviceProfileSelector, From C:/Program Files (x86)/Epic Games/4.14/Engine/Plugins/Runtime/WindowsDeviceProfileSelector/WindowsDeviceProfileSelector.uplugin
LogPluginManager: Loaded Plugin WindowsMoviePlayer, From C:/Program Files (x86)/Epic Games/4.14/Engine/Plugins/Runtime/WindowsMoviePlayer/WindowsMoviePlayer.uplugin
LogPluginManager: Loaded Plugin ScriptPlugin, From C:/Program Files (x86)/Epic Games/4.14/Engine/Plugins/ScriptPlugin/ScriptPlugin.uplugin
LogPluginManager: Loaded Plugin SlateRemote, From C:/Program Files (x86)/Epic Games/4.14/Engine/Plugins/Slate/SlateRemote/SlateRemote.uplugin
LogPluginManager: Loaded Plugin EditorTests, From C:/Program Files (x86)/Epic Games/4.14/Engine/Plugins/Tests/EditorTests/EditorTests.uplugin
LogPluginManager: Loaded Plugin FbxAutomationTestBuilder, From C:/Program Files (x86)/Epic Games/4.14/Engine/Plugins/Tests/FbxAutomationTestBuilder/FbxAutomationTestBuilder.uplugin
LogPluginManager: Loaded Plugin FunctionalTestingEditor, From C:/Program Files (x86)/Epic Games/4.14/Engine/Plugins/Tests/FunctionalTestingEditor/FunctionalTestingEditor.uplugin
LogPluginManager: Loaded Plugin RuntimeTests, From C:/Program Files (x86)/Epic Games/4.14/Engine/Plugins/Tests/RuntimeTests/RuntimeTests.uplugin
LogPluginManager: Loaded Plugin ScreenshotTools, From C:/Program Files (x86)/Epic Games/4.14/Engine/Plugins/Tests/ScreenshotTools/ScreenshotTools.uplugin
LogInit: Using libcurl 7.47.1
LogInit:  - built for x86_64-pc-win32
LogInit:  - supports SSL with OpenSSL/1.0.2g
LogInit:  - supports HTTP deflate (compression) using libz 1.2.8
LogInit:  - other features:
LogInit:      CURL_VERSION_SSL
LogInit:      CURL_VERSION_LIBZ
LogInit:      CURL_VERSION_IPV6
LogInit:      CURL_VERSION_ASYNCHDNS
LogInit:      CURL_VERSION_LARGEFILE
LogInit:      CURL_VERSION_IDN
LogInit:  CurlRequestOptions (configurable via config and command line):
LogInit:  - bVerifyPeer = false  - Libcurl will NOT verify peer certificate
LogInit:  - bUseHttpProxy = false  - Libcurl will NOT use HTTP proxy
LogInit:  - bDontReuseConnections = false  - Libcurl will reuse connections
LogInit:  - CertBundlePath = nullptr  - Libcurl will use whatever was configured at build time.
LogInit: Build: ++UE4+Release-4.14-CL-3195953
LogInit: Engine Version: 4.14.0-3195953+++UE4+Release-4.14
LogInit: Compatible Engine Version: 4.14.0-3195953+++UE4+Release-4.14
LogInit: Net CL: 3195953
LogDevObjectVersion: Number of dev versions registered: 13
LogDevObjectVersion:   Dev-Blueprints (B0D832E4-1F89-4F0D-ACCF-7EB736FD4AA2): 7
LogDevObjectVersion:   Dev-Build (E1C64328-A22C-4D53-A36C-8E866417BD8C): 0
LogDevObjectVersion:   Dev-Core (375EC13C-06E4-48FB-B500-84F0262A717E): 1
LogDevObjectVersion:   Dev-Editor (E4B068ED-F494-42E9-A231-DA0B2E46BB41): 8
LogDevObjectVersion:   Dev-Framework (CFFC743F-43B0-4480-9391-14DF171D2073): 17
LogDevObjectVersion:   Dev-Mobile (B02B49B5-BB20-44E9-A304-32B752E40360): 0
LogDevObjectVersion:   Dev-Networking (A4E4105C-59A1-49B5-A7C5-40C4547EDFEE): 0
LogDevObjectVersion:   Dev-Online (39C831C9-5AE6-47DC-9A44-9C173E1C8E7C): 0
LogDevObjectVersion:   Dev-Physics (78F01B33-EBEA-4F98-B9B4-84EACCB95AA2): 0
LogDevObjectVersion:   Dev-Platform (6631380F-2D4D-43E0-8009-CF276956A95A): 0
LogDevObjectVersion:   Dev-Rendering (12F88B9F-8875-4AFC-A67C-D90C383ABD29): 12
LogDevObjectVersion:   Dev-Sequencer (7B5AE74C-D270-4C10-A958-57980B212A5A): 1
LogDevObjectVersion:   Dev-VR (D7296918-1DD6-4BDD-9DE2-64A83CC13884): 0
LogInit: Compiled (64-bit): Nov 12 2016 02:14:10
LogInit: Compiled with Visual C++: 19.00.23026.00
LogInit: Build Configuration: Development
LogInit: Branch Name: ++UE4+Release-4.14
LogInit: Command line: -EpicPortal 
LogInit: Base directory: C:/Program Files (x86)/Epic Games/4.14/Engine/Binaries/Win64/
LogInit: Installed Engine Build: 1
LogInit: Presizing for max 8388607 objects, including 0 objects not considered by GC, pre-allocating 0 bytes for permanent pool.
LogInit: Object subsystem initialized
[2016.11.30-15.53.11:336][  0]LogInit: Selected Device Profile: [Windows]
[2016.11.30-15.53.11:336][  0]LogInit: Applying CVar settings loaded from the selected device profile: [Windows]
[2016.11.30-15.53.11:385][  0]LogInit: Computer: KRAVCHENKOK
[2016.11.30-15.53.11:385][  0]LogInit: User: Kravchenko
[2016.11.30-15.53.11:385][  0]LogInit: CPU Page size=65536, Cores=4
[2016.11.30-15.53.11:385][  0]LogInit: High frequency timer resolution =3.312785 MHz
[2016.11.30-15.53.11:385][  0]LogMemory: Memory total: Physical=12.0GB (12GB approx)
[2016.11.30-15.53.11:385][  0]LogMemory: Platform Memory Stats for Windows
[2016.11.30-15.53.11:385][  0]LogMemory: Process Physical Memory: 261.76 MB used, 261.76 MB peak
[2016.11.30-15.53.11:385][  0]LogMemory: Process Virtual Memory: 262.34 MB used, 262.34 MB peak
[2016.11.30-15.53.11:385][  0]LogMemory: Physical Memory: 9055.88 MB used,  3192.83 MB free, 12248.70 MB total
[2016.11.30-15.53.11:385][  0]LogMemory: Virtual Memory: 659.16 MB used,  3192.83 MB free, 134217728.00 MB total
[2016.11.30-15.53.11:461][  0]LogTextLocalizationManager: No specific translations for ('en-US') exist, so ('en') translations will be used.
[2016.11.30-15.53.12:750][  0]LogD3D11RHI: D3D11 adapters:
[2016.11.30-15.53.12:769][  0]LogD3D11RHI:    0. 'NVIDIA GeForce GTX 760' (Feature Level 11_0)
[2016.11.30-15.53.12:769][  0]LogD3D11RHI:       1985/0/2048 MB DedicatedVideo/DedicatedSystem/SharedSystem, Outputs:2, VendorId:0x10de
[2016.11.30-15.53.12:771][  0]LogD3D11RHI:    1. 'Microsoft Basic Render Driver' (Feature Level 11_0)
[2016.11.30-15.53.12:771][  0]LogD3D11RHI:       0/0/256 MB DedicatedVideo/DedicatedSystem/SharedSystem, Outputs:0, VendorId:0x1414
[2016.11.30-15.53.12:771][  0]LogD3D11RHI: Chosen D3D11 Adapter: 0
[2016.11.30-15.53.12:777][  0]LogD3D11RHI: Creating new Direct3DDevice
[2016.11.30-15.53.12:777][  0]LogD3D11RHI:     GPU DeviceId: 0x1187 (for the marketing name, search the web for "GPU Device Id")
[2016.11.30-15.53.12:777][  0]LogWindows: EnumDisplayDevices:
[2016.11.30-15.53.12:777][  0]LogWindows:    0. 'NVIDIA GeForce GTX 760' (P:0 D:1)
[2016.11.30-15.53.12:777][  0]LogWindows:    1. 'NVIDIA GeForce GTX 760' (P:1 D:1)
[2016.11.30-15.53.12:777][  0]LogWindows:    2. 'NVIDIA GeForce GTX 760' (P:0 D:0)
[2016.11.30-15.53.12:777][  0]LogWindows:    3. 'NVIDIA GeForce GTX 760' (P:0 D:0)
[2016.11.30-15.53.12:778][  0]LogWindows: DebugString: FoundDriverCount:4 
[2016.11.30-15.53.12:778][  0]LogD3D11RHI:     Adapter Name: NVIDIA GeForce GTX 760
[2016.11.30-15.53.12:778][  0]LogD3D11RHI:   Driver Version: 368.81 (internal:10.18.13.6881, unified:368.81)
[2016.11.30-15.53.12:778][  0]LogD3D11RHI:      Driver Date: 7-10-2016
[2016.11.30-15.53.12:778][  0]LogRHI: Texture pool is 1361 MB (70% of 1945 MB)
[2016.11.30-15.53.12:790][  0]LogD3D11RHI: Async texture creation enabled
[2016.11.30-15.53.12:807][  0]LogD3D11RHI: GPU Timing Frequency: 1000.000000 (Debug: 2 2)
[2016.11.30-15.53.12:807][  0]LogShaderCompilers: Guid format shader working directory is 8 characters bigger than the processId version (E:/!UdvPD/UndeadburgPoliceDepartment/UdbPD/Intermediate/Shaders/WorkingDirectory/11928/).
[2016.11.30-15.53.12:808][  0]LogShaderCompilers: Cleaned the shader compiler working directory 'C:/Users/Kravchenko/AppData/Local/Temp/UnrealShaderWorkingDir/1F45835546B301609E00B2AFE26C97E4/'.
[2016.11.30-15.53.12:808][  0]LogShaderCompilers:Display: Using Local Shader Compiler.
[2016.11.30-15.53.14:667][  0]LogTemp:Display: Loaded TP AllDesktopTargetPlatform
[2016.11.30-15.53.14:737][  0]LogTemp:Display: Loaded TP MacClientTargetPlatform
[2016.11.30-15.53.14:803][  0]LogTemp:Display: Loaded TP MacNoEditorTargetPlatform
[2016.11.30-15.53.14:868][  0]LogTemp:Display: Loaded TP MacServerTargetPlatform
[2016.11.30-15.53.14:949][  0]LogTemp:Display: Loaded TP MacTargetPlatform
[2016.11.30-15.53.15:019][  0]LogTemp:Display: Loaded TP WindowsClientTargetPlatform
[2016.11.30-15.53.15:084][  0]LogTemp:Display: Loaded TP WindowsNoEditorTargetPlatform
[2016.11.30-15.53.15:152][  0]LogTemp:Display: Loaded TP WindowsServerTargetPlatform
[2016.11.30-15.53.15:205][  0]LogTemp:Display: Loaded TP WindowsTargetPlatform
[2016.11.30-15.53.15:288][  0]LogTemp:Display: Loaded TP AndroidTargetPlatform
[2016.11.30-15.53.15:357][  0]LogTemp:Display: Loaded TP Android_ASTCTargetPlatform
[2016.11.30-15.53.15:411][  0]LogTemp:Display: Loaded TP Android_ATCTargetPlatform
[2016.11.30-15.53.15:471][  0]LogTemp:Display: Loaded TP Android_DXTTargetPlatform
[2016.11.30-15.53.15:542][  0]LogTemp:Display: Loaded TP Android_ETC1TargetPlatform
[2016.11.30-15.53.15:605][  0]LogTemp:Display: Loaded TP Android_ETC2TargetPlatform
[2016.11.30-15.53.15:721][  0]LogTemp:Display: Loaded TP Android_MultiTargetPlatform
[2016.11.30-15.53.15:721][  0]LogTemp:Display: Loaded TP Android_PVRTCTargetPlatform
[2016.11.30-15.53.15:763][  0]LogTemp:Display: Loaded TP HTML5TargetPlatform
[2016.11.30-15.53.15:879][  0]LogTemp:Display: Loaded TP IOSTargetPlatform
[2016.11.30-15.53.15:927][  0]LogTemp:Display: Loaded TP TVOSTargetPlatform
[2016.11.30-15.53.16:002][  0]LogTemp:Display: Loaded TP LinuxClientTargetPlatform
[2016.11.30-15.53.16:071][  0]LogTemp:Display: Loaded TP LinuxNoEditorTargetPlatform
[2016.11.30-15.53.16:141][  0]LogTemp:Display: Loaded TP LinuxServerTargetPlatform
[2016.11.30-15.53.16:212][  0]LogTemp:Display: Loaded TP LinuxTargetPlatform
[2016.11.30-15.53.16:212][  0]LogTargetPlatformManager:Display: Building Assets For Windows
[2016.11.30-15.53.16:700][  0]LogDerivedDataCache:Display: Max Cache Size: 512 MB
[2016.11.30-15.53.16:754][  0]LogDerivedDataCache: Loaded boot cache 0.05s 50MB C:/Users/Kravchenko/AppData/Local/UnrealEngine/4.14/DerivedDataCache/Boot.ddc.
[2016.11.30-15.53.16:754][  0]LogDerivedDataCache:Display: Loaded Boot cache: C:/Users/Kravchenko/AppData/Local/UnrealEngine/4.14/DerivedDataCache/Boot.ddc
[2016.11.30-15.53.16:754][  0]LogDerivedDataCache: FDerivedDataBackendGraph:  Pak pak cache file E:/!UdvPD/UndeadburgPoliceDepartment/UdbPD/DerivedDataCache/DDC.ddp not found, will not use a pak cache.
[2016.11.30-15.53.16:754][  0]LogDerivedDataCache: Unable to find inner node Pak for hierarchical cache Hierarchy.
[2016.11.30-15.53.16:754][  0]LogDerivedDataCache: FDerivedDataBackendGraph:  CompressedPak pak cache file E:/!UdvPD/UndeadburgPoliceDepartment/UdbPD/DerivedDataCache/Compressed.ddp not found, will not use a pak cache.
[2016.11.30-15.53.16:754][  0]LogDerivedDataCache: Unable to find inner node CompressedPak for hierarchical cache Hierarchy.
[2016.11.30-15.53.16:780][  0]LogDerivedDataCache:Display: Pak cache opened for reading ../../../Engine/DerivedDataCache/Compressed.ddp.
[2016.11.30-15.53.16:792][  0]LogDerivedDataCache: Using Local data cache path C:/Users/Kravchenko/AppData/Local/UnrealEngine/Common/DerivedDataCache: Writable
[2016.11.30-15.53.17:110][  0]LogInit: Selected Device Profile: [Windows]
[2016.11.30-15.53.17:114][  0]LogContentStreaming: Texture pool size is 0.00 MB
[2016.11.30-15.53.17:370][  0]LogMeshUtilities: Using QuadricMeshReduction for automatic static mesh reduction
[2016.11.30-15.53.17:421][  0]LogSimplygon: Simplygon DLL not present - disabling.
[2016.11.30-15.53.17:475][  0]LogMeshUtilities: Using SimplygonSwarm for distributed automatic mesh merging
[2016.11.30-15.53.17:475][  0]LogMeshUtilities: No automatic skeletal mesh reduction module available
[2016.11.30-15.53.17:475][  0]LogMeshUtilities: No automatic mesh merging module available
[2016.11.30-15.53.18:326][  0]LogNetVersion: GetLocalNetworkVersion: CL: 3195953, ProjectName: udbpd, ProjectVersion: , EngineNetworkVersion: 2, GameNetworkVersion: 0, NetworkChecksum: 1901740093
[2016.11.30-15.53.18:391][  0]LogAssetRegistry: FAssetRegistry took 0.0224 seconds to start up
[2016.11.30-15.53.18:462][  0]LogPackageLocalizationCache: Processed 3 localized package path(s) for 2 prioritized culture(s) in 0.043499 seconds
[2016.11.30-15.53.18:469][  0]LogUObjectArray: 31946 objects as part of root set at end of initial load.
[2016.11.30-15.53.18:469][  0]LogUObjectAllocator: 6935848 out of 0 bytes used by permanent object pool.
[2016.11.30-15.53.18:469][  0]LogUObjectArray: CloseDisregardForGC: 0/0 objects in disregard for GC pool
[2016.11.30-15.53.18:567][  0]LogInit: WinSock: version 1.1 (2.2), MaxSocks=32767, MaxUdp=65467
[2016.11.30-15.53.19:463][  0]LogSlate: Using Freetype 2.6.0
[2016.11.30-15.53.19:485][  0]LogSlate: SlateFontCache - WITH_FREETYPE: 1, WITH_HARFBUZZ: 1
[2016.11.30-15.53.19:485][  0]LogSlate: SlateFontCache - WITH_FREETYPE: 1, WITH_HARFBUZZ: 1
[2016.11.30-15.53.23:619][  0]LogTcpMessaging: Initializing TcpMessaging bridge
[2016.11.30-15.53.23:657][  0]LogUdpMessaging: Initializing bridge on interface 0.0.0.0:0 to multicast group 230.0.0.1:6666.
[2016.11.30-15.53.23:947][  0]LogMaterial: Uniform references updated for custom material expression Custom.
[2016.11.30-15.53.24:293][  0]SourceControl: Info Source control is disabled
[2016.11.30-15.53.24:862][  0]SourceControl: Info Source control is disabled
[2016.11.30-15.53.24:902][  0]SourceControl: Info Source control is disabled
[2016.11.30-15.53.24:943][  0]SourceControl: Info Source control is disabled
[2016.11.30-15.53.26:105][  0]LogEngine: Initializing Engine...
[2016.11.30-15.53.26:105][  0]LogHMD: Failed to initialize OpenVR with code 110
[2016.11.30-15.53.26:346][  0]LogAIModule: Creating AISystem for world Untitled
[2016.11.30-15.53.26:353][  0]LogInit: XAudio2 using 'Speakers (High Definition Audio Device)' : 2 channels at 44.1 kHz using 16 bits per sample (channel mask 0x3)
[2016.11.30-15.53.26:359][  0]LogInit: FAudioDevice initialized.
[2016.11.30-15.53.26:382][  0]LogDerivedDataCache: Saved boot cache 0.02s 50MB C:/Users/Kravchenko/AppData/Local/UnrealEngine/4.14/DerivedDataCache/Boot.ddc.
[2016.11.30-15.53.26:391][  0]LogInit: Texture streaming: Enabled
[2016.11.30-15.53.26:562][  0]LogInit: Transaction tracking system initialized
[2016.11.30-15.53.26:866][  0]BlueprintLog: New page: Editor Load
[2016.11.30-15.53.27:705][  0]LocalizationService: Info Localization service is disabled
[2016.11.30-15.53.28:522][  0]LogConsoleResponse:Display: 
[2016.11.30-15.53.28:674][  0]LogCook:Display: Max memory allowance for cook 16384mb min free memory 0mb
[2016.11.30-15.53.28:674][  0]LogCook:Display: Mobile HDR setting 1
[2016.11.30-15.53.29:607][  0]LogFileCache: Scanning file cache for directory 'E:/!UdvPD/UndeadburgPoliceDepartment/UdbPD/Content/' took 0.01s
[2016.11.30-15.53.29:651][  0]SourceControl: Info Source control is disabled
[2016.11.30-15.53.29:651][  0]Cmd: MAP LOAD FILE="E:/!UdvPD/UndeadburgPoliceDepartment/UdbPD/Content/FirstPersonBP/Maps/FirstPersonExampleMap.umap" TEMPLATE=0 SHOWPROGRESS=1 FEATURELEVEL=3
[2016.11.30-15.53.29:651][  0]LightingResults: New page: Lighting Build
[2016.11.30-15.53.29:690][  0]MapCheck: New page: Map Check
[2016.11.30-15.53.29:690][  0]LightingResults: New page: Lighting Build
[2016.11.30-15.53.30:313][  0]LogAIModule: Creating AISystem for world FirstPersonExampleMap
[2016.11.30-15.53.30:326][  0]LogEditorServer: Finished looking for orphan Actors (0.000 secs)
[2016.11.30-15.53.30:328][  0]Cmd: MAP CHECKDEP NOCLEARLOG
[2016.11.30-15.53.30:374][  0]MapCheck: Info Map check complete: 0 Error(s), 0 Warning(s), took 45.731ms to complete.
[2016.11.30-15.53.30:374][  0]LogFileHelpers: Loading map 'FirstPersonExampleMap' took 0.722
[2016.11.30-15.53.30:553][  0]LogCollectionManager: Loaded 0 collections in 0.001204 seconds
[2016.11.30-15.53.30:626][  0]LogFileCache: Scanning file cache for directory 'E:/!UdvPD/UndeadburgPoliceDepartment/UdbPD/Saved/Collections/' took 0.01s
[2016.11.30-15.53.30:626][  0]LogFileCache: Scanning file cache for directory 'E:/!UdvPD/UndeadburgPoliceDepartment/UdbPD/Content/Developers/Kravchenko/Collections/' took 0.01s
[2016.11.30-15.53.30:626][  0]LogFileCache: Scanning file cache for directory 'E:/!UdvPD/UndeadburgPoliceDepartment/UdbPD/Content/Collections/' took 0.01s
[2016.11.30-15.53.30:626][  0]LogCollectionManager: Rebuilt the GUID cache for 0 collections in 0.000002 seconds
[2016.11.30-15.53.30:635][  0]LogContentBrowser: Native class hierarchy populated in 0.0085 seconds. Added 2190 classes and 428 folders.
[2016.11.30-15.53.30:672][  0]LogStats: UGameplayTagsManager::ConstructGameplayTagTree: Construct from data asset -  0.000 s
[2016.11.30-15.53.30:672][  0]LogStats: UGameplayTagsManager::ConstructGameplayTagTree: GameplayTagTreeChangedEvent.Broadcast -  0.000 s
[2016.11.30-15.53.30:673][  0]LogContentBrowser: Native class hierarchy updated for 'GameplayTags' in 0.0005 seconds. Added 13 classes and 0 folders.
[2016.11.30-15.53.30:728][  0]LogContentBrowser: Native class hierarchy updated for 'WidgetCarousel' in 0.0004 seconds. Added 0 classes and 0 folders.
[2016.11.30-15.53.30:760][  0]LogContentBrowser: Native class hierarchy updated for 'AddContentDialog' in 0.0004 seconds. Added 0 classes and 0 folders.
[2016.11.30-15.53.30:797][  0]LogContentBrowser: Native class hierarchy updated for 'SceneOutliner' in 0.0004 seconds. Added 1 classes and 2 folders.
[2016.11.30-15.53.30:833][  0]LogCrashTracker: Crashtracker disabled due to settings.
[2016.11.30-15.53.30:973][  0]LogContentBrowser: Native class hierarchy updated for 'HierarchicalLODOutliner' in 0.0004 seconds. Added 1 classes and 2 folders.
[2016.11.30-15.53.30:973][  0]LogLoad: (Engine Initialization) Total time: 21.74 seconds
[2016.11.30-15.53.30:973][  0]LogLoad: (Engine Initialization) Total Blueprint compile time: 0.26 seconds
[2016.11.30-15.53.30:973][  0]LogExternalProfiler: No external profilers were discovered.  External profiling features will not be available.
[2016.11.30-15.53.30:983][  0]LogOcInput: OculusInput pre-init called
[2016.11.30-15.53.31:002][  0]LogContentStreaming: Texture pool size now 1000 MB
[2016.11.30-15.53.31:175][  0]LogRenderer: Reallocating scene render targets to support 1208x576 NumSamples 1 (Frame:2).
[2016.11.30-15.53.31:287][  1]LogAssetRegistry: Asset discovery search completed in 12.9197 seconds
[2016.11.30-15.53.31:287][  1]LogCollectionManager: Rebuilt the object cache for 0 collections in 0.000001 seconds (found 0 objects)
[2016.11.30-15.53.31:287][  1]LogCollectionManager: Fixed up redirectors for 0 collections in 0.000015 seconds (updated 0 objects)
[2016.11.30-15.53.32:696][155]LogTemp: Repeting last play command: Selected Viewport
[2016.11.30-15.53.32:701][155]LogBlueprintUserMessages: Early PlayInEditor Detection: Level '/Game/FirstPersonBP/Maps/FirstPersonExampleMap.FirstPersonExampleMap:PersistentLevel' has LevelScriptBlueprint '/Game/FirstPersonBP/Maps/FirstPersonExampleMap.FirstPersonExampleMap:PersistentLevel.FirstPersonExampleMap' with GeneratedClass '/Game/FirstPersonBP/Maps/FirstPersonExampleMap.FirstPersonExampleMap_C' with ClassGeneratedBy '/Game/FirstPersonBP/Maps/FirstPersonExampleMap.FirstPersonExampleMap:PersistentLevel.FirstPersonExampleMap'
[2016.11.30-15.53.32:701][155]LogPlayLevel: PlayLevel: No blueprints needed recompiling
[2016.11.30-15.53.32:701][155]PIE: New page: PIE session: FirstPersonExampleMap (Nov 30, 2016, 9:53:32 PM)
[2016.11.30-15.53.32:701][155]LogPlayLevel: Creating play world package: /Game/FirstPersonBP/Maps/UEDPIE_0_FirstPersonExampleMap
[2016.11.30-15.53.32:725][155]LogPlayLevel: PIE: StaticDuplicateObject took: (0.023540s)
[2016.11.30-15.53.32:726][155]LogAIModule: Creating AISystem for world FirstPersonExampleMap
[2016.11.30-15.53.32:726][155]LogPlayLevel: PIE: World Init took: (0.000892s)
[2016.11.30-15.53.32:726][155]LogPlayLevel: PIE: Created PIE world by copying editor world from /Game/FirstPersonBP/Maps/FirstPersonExampleMap.FirstPersonExampleMap to /Game/FirstPersonBP/Maps/UEDPIE_0_FirstPersonExampleMap.FirstPersonExampleMap (0.024772s)
[2016.11.30-15.53.32:747][155]LogInit: XAudio2 using 'Speakers (High Definition Audio Device)' : 2 channels at 44.1 kHz using 16 bits per sample (channel mask 0x3)
[2016.11.30-15.53.32:752][155]LogInit: FAudioDevice initialized.
[2016.11.30-15.53.32:794][155]LogLoad: Game class is 'FirstPersonGameMode_C'
[2016.11.30-15.53.32:797][155]LogWorld: Bringing World /Game/FirstPersonBP/Maps/UEDPIE_0_FirstPersonExampleMap.FirstPersonExampleMap up for play (max tick rate 0) at 2016.11.30-18.53.32
[2016.11.30-15.53.32:798][155]LogWorld: Bringing up level for play took: 0.002393
[2016.11.30-15.53.32:834][155]LogContentBrowser: Native class hierarchy updated for 'MovieSceneCapture' in 0.0005 seconds. Added 11 classes and 0 folders.
[2016.11.30-15.53.32:835][155]PIE: Info Play in editor start time for /Game/FirstPersonBP/Maps/UEDPIE_0_FirstPersonExampleMap -0.697
[2016.11.30-15.53.32:835][155]LogBlueprintUserMessages: Late PlayInEditor Detection: Level '/Game/FirstPersonBP/Maps/FirstPersonExampleMap.FirstPersonExampleMap:PersistentLevel' has LevelScriptBlueprint '/Game/FirstPersonBP/Maps/FirstPersonExampleMap.FirstPersonExampleMap:PersistentLevel.FirstPersonExampleMap' with GeneratedClass '/Game/FirstPersonBP/Maps/FirstPersonExampleMap.FirstPersonExampleMap_C' with ClassGeneratedBy '/Game/FirstPersonBP/Maps/FirstPersonExampleMap.FirstPersonExampleMap:PersistentLevel.FirstPersonExampleMap'
[2016.11.30-15.53.40:556][ 74]LogBlueprintUserMessages: Early EndPlayMap Detection: Level '/Game/FirstPersonBP/Maps/FirstPersonExampleMap.FirstPersonExampleMap:PersistentLevel' has LevelScriptBlueprint '/Game/FirstPersonBP/Maps/FirstPersonExampleMap.FirstPersonExampleMap:PersistentLevel.FirstPersonExampleMap' with GeneratedClass '/Game/FirstPersonBP/Maps/FirstPersonExampleMap.FirstPersonExampleMap_C' with ClassGeneratedBy '/Game/FirstPersonBP/Maps/FirstPersonExampleMap.FirstPersonExampleMap:PersistentLevel.FirstPersonExampleMap'
[2016.11.30-15.53.40:593][ 74]LogBlueprintUserMessages: Late EndPlayMap Detection: Level '/Game/FirstPersonBP/Maps/FirstPersonExampleMap.FirstPersonExampleMap:PersistentLevel' has LevelScriptBlueprint '/Game/FirstPersonBP/Maps/FirstPersonExampleMap.FirstPersonExampleMap:PersistentLevel.FirstPersonExampleMap' with GeneratedClass '/Game/FirstPersonBP/Maps/FirstPersonExampleMap.FirstPersonExampleMap_C' with ClassGeneratedBy '/Game/FirstPersonBP/Maps/FirstPersonExampleMap.FirstPersonExampleMap:PersistentLevel.FirstPersonExampleMap'
[2016.11.30-15.55.29:345][167]LogTemp: Repeting last play command: Selected Viewport
